<?xml version="1.0" encoding="utf-8"?><testsuites name="pytest tests"><testsuite name="pytest" errors="0" failures="0" skipped="0" tests="20" time="8.039" timestamp="2026-04-01T05:53:51.717789+00:00" hostname="agent-env-9096a7b3-e905-4faf-aba6-0dce43e186ba"><testcase classname="tests.test_chroma_key.TestHealthAndRoot" name="test_api_root_accessible" time="0.270" /><testcase classname="tests.test_chroma_key.TestAuthentication" name="test_login_success_locked_user" time="0.325" /><testcase classname="tests.test_chroma_key.TestAuthentication" name="test_login_success_unlocked_user" time="0.353" /><testcase classname="tests.test_chroma_key.TestAuthentication" name="test_login_invalid_credentials" time="0.143" /><testcase classname="tests.test_chroma_key.TestAuthentication" name="test_auth_me_without_token" time="0.098" /><testcase classname="tests.test_chroma_key.TestAuthenticatedEndpoints" name="test_auth_me_with_session" time="0.405" /><testcase classname="tests.test_chroma_key.TestAuthenticatedEndpoints" name="test_progress_get" time="0.382" /><testcase classname="tests.test_chroma_key.TestAuthenticatedEndpoints" name="test_reflections_get" time="0.385" /><testcase classname="tests.test_chroma_key.TestAuthenticatedEndpoints" name="test_reflections_update" time="0.369" /><testcase classname="tests.test_chroma_key.TestAuthenticatedEndpoints" name="test_journal_crud" time="0.553" /><testcase classname="tests.test_chroma_key.TestAuthenticatedEndpoints" name="test_logout" time="0.363" /><testcase classname="tests.test_chroma_key.TestLicenseValidation" name="test_license_status_locked_user" time="0.412" /><testcase classname="tests.test_chroma_key.TestLicenseValidation" name="test_license_status_unlocked_user" time="0.365" /><testcase classname="tests.test_chroma_key.TestLicenseValidation" name="test_license_validate_invalid_key" time="0.368" /><testcase classname="tests.test_chroma_key.TestLicenseValidation" name="test_license_validate_used_key" time="0.366" /><testcase classname="tests.test_chroma_key.TestLicenseValidation" name="test_license_validate_already_unlocked" time="0.377" /><testcase classname="tests.test_chroma_key.TestPaymentCheckout" name="test_checkout_creates_session" time="0.985" /><testcase classname="tests.test_chroma_key.TestPaymentCheckout" name="test_checkout_already_unlocked" time="0.370" /><testcase classname="tests.test_chroma_key.TestPaymentCheckout" name="test_checkout_without_auth" time="0.532" /><testcase classname="tests.test_chroma_key.TestProgressUpdate" name="test_progress_update" time="0.448" /></testsuite></testsuites>