<?xml version="1.0" encoding="utf-8"?><testsuites name="pytest tests"><testsuite name="pytest" errors="0" failures="0" skipped="0" tests="12" time="10.979" timestamp="2026-04-06T20:14:58.637422+00:00" hostname="agent-env-9096a7b3-e905-4faf-aba6-0dce43e186ba"><testcase classname="backend.tests.test_protocol_engine_v5.TestAuthAndUserFields" name="test_login_returns_new_user_fields" time="0.405" /><testcase classname="backend.tests.test_protocol_engine_v5.TestProtocolStepsAPI" name="test_get_protocol_steps_for_act" time="0.394" /><testcase classname="backend.tests.test_protocol_engine_v5.TestProtocolStepsAPI" name="test_save_step_data" time="0.443" /><testcase classname="backend.tests.test_protocol_engine_v5.TestProtocolStepsAPI" name="test_complete_act_requires_all_steps" time="0.432" /><testcase classname="backend.tests.test_protocol_engine_v5.TestSpinsAPI" name="test_get_spins" time="0.411" /><testcase classname="backend.tests.test_protocol_engine_v5.TestSpinsAPI" name="test_use_spin_decrements_available" time="0.477" /><testcase classname="backend.tests.test_protocol_engine_v5.TestAdminSettingsAPI" name="test_get_admin_settings" time="0.426" /><testcase classname="backend.tests.test_protocol_engine_v5.TestAdminSettingsAPI" name="test_update_admin_settings" time="0.543" /><testcase classname="backend.tests.test_protocol_engine_v5.TestAdminSettingsAPI" name="test_get_public_settings" time="0.378" /><testcase classname="backend.tests.test_protocol_engine_v5.TestFreeUserGating" name="test_register_free_user" time="0.335" /><testcase classname="backend.tests.test_protocol_engine_v5.TestProtocolChatAPI" name="test_protocol_chat_requires_auth" time="2.886" /><testcase classname="backend.tests.test_protocol_engine_v5.TestProtocolChatAPI" name="test_protocol_chat_with_auth" time="3.764" /></testsuite></testsuites>