<?xml version="1.0" encoding="utf-8"?><testsuites name="pytest tests"><testsuite name="pytest" errors="0" failures="0" skipped="0" tests="23" time="12.049" timestamp="2026-04-01T23:00:14.914158+00:00" hostname="agent-env-9096a7b3-e905-4faf-aba6-0dce43e186ba"><testcase classname="backend.tests.test_chroma_key_v3.TestHealthAndRoot" name="test_api_root_accessible" time="0.181" /><testcase classname="backend.tests.test_chroma_key_v3.TestAuthentication" name="test_login_admin_user" time="0.354" /><testcase classname="backend.tests.test_chroma_key_v3.TestAuthentication" name="test_login_regular_user" time="0.333" /><testcase classname="backend.tests.test_chroma_key_v3.TestAuthentication" name="test_login_invalid_credentials" time="0.130" /><testcase classname="backend.tests.test_chroma_key_v3.TestAuthentication" name="test_auth_me_without_token" time="0.151" /><testcase classname="backend.tests.test_chroma_key_v3.TestAuthenticatedEndpoints" name="test_auth_me_with_session" time="0.426" /><testcase classname="backend.tests.test_chroma_key_v3.TestAuthenticatedEndpoints" name="test_progress_get" time="0.413" /><testcase classname="backend.tests.test_chroma_key_v3.TestAuthenticatedEndpoints" name="test_reflections_get" time="0.381" /><testcase classname="backend.tests.test_chroma_key_v3.TestAuthenticatedEndpoints" name="test_reflections_update" time="0.410" /><testcase classname="backend.tests.test_chroma_key_v3.TestAuthenticatedEndpoints" name="test_journal_crud" time="0.673" /><testcase classname="backend.tests.test_chroma_key_v3.TestAuthenticatedEndpoints" name="test_logout" time="0.387" /><testcase classname="backend.tests.test_chroma_key_v3.TestProtocolEngine" name="test_protocol_sessions_list" time="0.419" /><testcase classname="backend.tests.test_chroma_key_v3.TestProtocolEngine" name="test_protocol_chat_endpoint_structure" time="4.361" /><testcase classname="backend.tests.test_chroma_key_v3.TestProtocolEngine" name="test_protocol_chat_without_auth" time="0.148" /><testcase classname="backend.tests.test_chroma_key_v3.TestProtocolEngine" name="test_protocol_sessions_without_auth" time="0.150" /><testcase classname="backend.tests.test_chroma_key_v3.TestLicenseValidation" name="test_license_status" time="0.385" /><testcase classname="backend.tests.test_chroma_key_v3.TestLicenseValidation" name="test_license_validate_invalid_key" time="0.401" /><testcase classname="backend.tests.test_chroma_key_v3.TestPaymentCheckout" name="test_checkout_already_unlocked" time="0.412" /><testcase classname="backend.tests.test_chroma_key_v3.TestPaymentCheckout" name="test_checkout_without_auth" time="0.140" /><testcase classname="backend.tests.test_chroma_key_v3.TestProgressUpdate" name="test_progress_update" time="0.510" /><testcase classname="backend.tests.test_chroma_key_v3.TestAdminEndpoints" name="test_admin_users_list" time="0.387" /><testcase classname="backend.tests.test_chroma_key_v3.TestAdminEndpoints" name="test_admin_license_keys_list" time="0.368" /><testcase classname="backend.tests.test_chroma_key_v3.TestAdminEndpoints" name="test_admin_tracks_list" time="0.418" /></testsuite></testsuites>