<?xml version="1.0" encoding="utf-8"?><testsuites name="pytest tests"><testsuite name="pytest" errors="0" failures="0" skipped="0" tests="17" time="8.027" timestamp="2026-04-06T07:11:14.451035+00:00" hostname="agent-env-9096a7b3-e905-4faf-aba6-0dce43e186ba"><testcase classname="backend.tests.test_chroma_key_v4.TestAPIRoot" name="test_api_root" time="0.272" /><testcase classname="backend.tests.test_chroma_key_v4.TestAuthentication" name="test_login_admin_user" time="0.369" /><testcase classname="backend.tests.test_chroma_key_v4.TestAuthentication" name="test_login_invalid_credentials" time="0.107" /><testcase classname="backend.tests.test_chroma_key_v4.TestAuthentication" name="test_auth_me_without_token" time="0.117" /><testcase classname="backend.tests.test_chroma_key_v4.TestTracksAPI" name="test_tracks_returns_required_fields" time="0.386" /><testcase classname="backend.tests.test_chroma_key_v4.TestTracksAPI" name="test_tracks_without_auth" time="0.143" /><testcase classname="backend.tests.test_chroma_key_v4.TestAdminTracksAPI" name="test_admin_tracks_list" time="0.357" /><testcase classname="backend.tests.test_chroma_key_v4.TestAdminTracksAPI" name="test_admin_tracks_update_content" time="0.506" /><testcase classname="backend.tests.test_chroma_key_v4.TestAdminLicenseKeys" name="test_admin_license_keys_list" time="0.365" /><testcase classname="backend.tests.test_chroma_key_v4.TestAdminUsers" name="test_admin_users_list" time="0.377" /><testcase classname="backend.tests.test_chroma_key_v4.TestProgressAPI" name="test_get_progress" time="0.364" /><testcase classname="backend.tests.test_chroma_key_v4.TestLicenseValidation" name="test_license_status" time="0.369" /><testcase classname="backend.tests.test_chroma_key_v4.TestLicenseValidation" name="test_invalid_license_key" time="0.356" /><testcase classname="backend.tests.test_chroma_key_v4.TestJournalAPI" name="test_journal_crud" time="0.531" /><testcase classname="backend.tests.test_chroma_key_v4.TestReflectionsAPI" name="test_get_reflections" time="0.374" /><testcase classname="backend.tests.test_chroma_key_v4.TestProtocolChat" name="test_protocol_sessions_list" time="0.390" /><testcase classname="backend.tests.test_chroma_key_v4.TestProtocolChat" name="test_protocol_chat_without_auth" time="2.538" /></testsuite></testsuites>